#! /usr/bin/vvp
:ivl_version "11.0 (stable)";
:ivl_delay_selection "TYPICAL";
:vpi_time_precision - 9;
:vpi_module "/usr/lib/x86_64-linux-gnu/ivl/system.vpi";
:vpi_module "/usr/lib/x86_64-linux-gnu/ivl/vhdl_sys.vpi";
:vpi_module "/usr/lib/x86_64-linux-gnu/ivl/vhdl_textio.vpi";
:vpi_module "/usr/lib/x86_64-linux-gnu/ivl/v2005_math.vpi";
:vpi_module "/usr/lib/x86_64-linux-gnu/ivl/va_math.vpi";
S_0x555c658c84b0 .scope module, "top" "top" 2 19;
 .timescale -9 -9;
v0x555c658de8f0_0 .var "a", 31 0;
v0x555c658de9d0_0 .var "b", 31 0;
v0x555c658deaa0_0 .var "ctrl", 0 0;
v0x555c658deba0_0 .net "out", 31 0, L_0x555c658dec70;  1 drivers
E_0x555c6588f870 .event edge, v0x555c658de690_0, v0x555c658de5b0_0, v0x555c6588ecf0_0;
S_0x555c658c8660 .scope module, "i_mux" "mux" 2 23, 3 15 0, S_0x555c658c84b0;
 .timescale 0 0;
    .port_info 0 /INPUT 32 "a";
    .port_info 1 /INPUT 32 "b";
    .port_info 2 /INPUT 1 "ctrl";
    .port_info 3 /OUTPUT 32 "out";
v0x555c6588ecf0_0 .net "a", 31 0, v0x555c658de8f0_0;  1 drivers
v0x555c658de5b0_0 .net "b", 31 0, v0x555c658de9d0_0;  1 drivers
v0x555c658de690_0 .net "ctrl", 0 0, v0x555c658deaa0_0;  1 drivers
v0x555c658de760_0 .net "out", 31 0, L_0x555c658dec70;  alias, 1 drivers
L_0x555c658dec70 .functor MUXZ 32, v0x555c658de8f0_0, v0x555c658de9d0_0, v0x555c658deaa0_0, C4<>;
    .scope S_0x555c658c84b0;
T_0 ;
    %wait E_0x555c6588f870;
    %delay 5, 0;
    %load/vec4 v0x555c658deaa0_0;
    %nor/r;
    %load/vec4 v0x555c658deba0_0;
    %load/vec4 v0x555c658de8f0_0;
    %cmp/e;
    %flag_get/vec4 4;
    %and;
    %flag_set/vec4 8;
    %load/vec4 v0x555c658deaa0_0;
    %load/vec4 v0x555c658deba0_0;
    %load/vec4 v0x555c658de9d0_0;
    %cmp/e;
    %flag_get/vec4 4;
    %and;
    %flag_set/vec4 9;
    %flag_or 9, 8;
    %jmp/0 T_0.0, 9;
    %pushi/vec4 1130915171, 0, 32; draw_string_vec4
    %pushi/vec4 1797279841, 0, 32; draw_string_vec4
    %concat/vec4; draw_string_vec4
    %pushi/vec4 1936942436, 0, 32; draw_string_vec4
    %concat/vec4; draw_string_vec4
    %pushi/vec4 33, 0, 8; draw_string_vec4
    %concat/vec4; draw_string_vec4
    %jmp/1 T_0.1, 9;
T_0.0 ; End of true expr.
    %pushi/vec4 1130915171, 0, 32; draw_string_vec4
    %pushi/vec4 1797277281, 0, 32; draw_string_vec4
    %concat/vec4; draw_string_vec4
    %pushi/vec4 1768711524, 0, 32; draw_string_vec4
    %concat/vec4; draw_string_vec4
    %pushi/vec4 33, 0, 8; draw_string_vec4
    %concat/vec4; draw_string_vec4
    %jmp/0 T_0.1, 9;
 ; End of false expr.
    %blend;
T_0.1;
    %vpi_call 2 27 "$display", "ctrl=%1b a=%10d b=%10d out=%10d %s", v0x555c658deaa0_0, v0x555c658de8f0_0, v0x555c658de9d0_0, v0x555c658deba0_0, S<0,vec4,u104> {1 0 0};
    %jmp T_0;
    .thread T_0, $push;
    .scope S_0x555c658c84b0;
T_1 ;
    %delay 0, 0;
    %pushi/vec4 0, 0, 1;
    %assign/vec4 v0x555c658deaa0_0, 0;
    %pushi/vec4 0, 0, 32;
    %assign/vec4 v0x555c658de8f0_0, 0;
    %pushi/vec4 0, 0, 32;
    %assign/vec4 v0x555c658de9d0_0, 0;
    %delay 10, 0;
    %pushi/vec4 1, 0, 1;
    %assign/vec4 v0x555c658deaa0_0, 0;
    %pushi/vec4 5, 0, 32;
    %assign/vec4 v0x555c658de8f0_0, 0;
    %pushi/vec4 4, 0, 32;
    %assign/vec4 v0x555c658de9d0_0, 0;
    %delay 10, 0;
    %pushi/vec4 1, 0, 1;
    %assign/vec4 v0x555c658deaa0_0, 0;
    %pushi/vec4 13, 0, 32;
    %assign/vec4 v0x555c658de8f0_0, 0;
    %pushi/vec4 66, 0, 32;
    %assign/vec4 v0x555c658de9d0_0, 0;
    %delay 10, 0;
    %pushi/vec4 1, 0, 1;
    %assign/vec4 v0x555c658deaa0_0, 0;
    %pushi/vec4 749, 0, 32;
    %assign/vec4 v0x555c658de8f0_0, 0;
    %pushi/vec4 619, 0, 32;
    %assign/vec4 v0x555c658de9d0_0, 0;
    %delay 10, 0;
    %pushi/vec4 0, 0, 1;
    %assign/vec4 v0x555c658deaa0_0, 0;
    %pushi/vec4 786, 0, 32;
    %assign/vec4 v0x555c658de8f0_0, 0;
    %pushi/vec4 4932, 0, 32;
    %assign/vec4 v0x555c658de9d0_0, 0;
    %delay 10, 0;
    %pushi/vec4 0, 0, 1;
    %assign/vec4 v0x555c658deaa0_0, 0;
    %pushi/vec4 65035, 0, 32;
    %assign/vec4 v0x555c658de8f0_0, 0;
    %pushi/vec4 555489, 0, 32;
    %assign/vec4 v0x555c658de9d0_0, 0;
    %delay 10, 0;
    %vpi_call 2 56 "$finish" {0 0 0};
    %end;
    .thread T_1;
# The file index is used to find the file name in the following table.
:file_names 4;
    "N/A";
    "<interactive>";
    "./../p2/q3.v";
    "p2-q3.v";
