#! /usr/bin/vvp
:ivl_version "11.0 (stable)";
:ivl_delay_selection "TYPICAL";
:vpi_time_precision - 9;
:vpi_module "/usr/lib/x86_64-linux-gnu/ivl/system.vpi";
:vpi_module "/usr/lib/x86_64-linux-gnu/ivl/vhdl_sys.vpi";
:vpi_module "/usr/lib/x86_64-linux-gnu/ivl/vhdl_textio.vpi";
:vpi_module "/usr/lib/x86_64-linux-gnu/ivl/v2005_math.vpi";
:vpi_module "/usr/lib/x86_64-linux-gnu/ivl/va_math.vpi";
S_0x55cd12e5a1d0 .scope module, "top" "top" 2 18;
 .timescale -9 -9;
v0x55cd12e6e8b0_0 .var "a", 31 0;
v0x55cd12e6e9a0_0 .var "b", 31 0;
v0x55cd12e6ea70_0 .net "c", 31 0, L_0x55cd12e6eb70;  1 drivers
E_0x55cd12e21400 .event edge, v0x55cd12e6e770_0, v0x55cd12e6e690_0, v0x55cd12e20cf0_0;
S_0x55cd12e5a360 .scope module, "i_adder" "adder" 2 21, 3 14 0, S_0x55cd12e5a1d0;
 .timescale -9 -9;
    .port_info 0 /INPUT 32 "a";
    .port_info 1 /INPUT 32 "b";
    .port_info 2 /OUTPUT 32 "c";
v0x55cd12e20cf0_0 .net "a", 31 0, v0x55cd12e6e8b0_0;  1 drivers
v0x55cd12e6e690_0 .net "b", 31 0, v0x55cd12e6e9a0_0;  1 drivers
v0x55cd12e6e770_0 .net "c", 31 0, L_0x55cd12e6eb70;  alias, 1 drivers
L_0x55cd12e6eb70 .arith/sum 32, v0x55cd12e6e8b0_0, v0x55cd12e6e9a0_0;
    .scope S_0x55cd12e5a1d0;
T_0 ;
    %wait E_0x55cd12e21400;
    %load/vec4 v0x55cd12e6e8b0_0;
    %load/vec4 v0x55cd12e6e9a0_0;
    %add;
    %load/vec4 v0x55cd12e6ea70_0;
    %cmp/e;
    %flag_mov 8, 4;
    %jmp/0 T_0.0, 8;
    %pushi/vec4 1130915171, 0, 32; draw_string_vec4
    %pushi/vec4 1797279841, 0, 32; draw_string_vec4
    %concat/vec4; draw_string_vec4
    %pushi/vec4 1936942436, 0, 32; draw_string_vec4
    %concat/vec4; draw_string_vec4
    %pushi/vec4 33, 0, 8; draw_string_vec4
    %concat/vec4; draw_string_vec4
    %jmp/1 T_0.1, 8;
T_0.0 ; End of true expr.
    %pushi/vec4 1130915171, 0, 32; draw_string_vec4
    %pushi/vec4 1797277281, 0, 32; draw_string_vec4
    %concat/vec4; draw_string_vec4
    %pushi/vec4 1768711524, 0, 32; draw_string_vec4
    %concat/vec4; draw_string_vec4
    %pushi/vec4 33, 0, 8; draw_string_vec4
    %concat/vec4; draw_string_vec4
    %jmp/0 T_0.1, 8;
 ; End of false expr.
    %blend;
T_0.1;
    %vpi_call 2 24 "$display", "a=%10d b=%10d c=%10d %s", v0x55cd12e6e8b0_0, v0x55cd12e6e9a0_0, v0x55cd12e6ea70_0, S<0,vec4,u104> {1 0 0};
    %jmp T_0;
    .thread T_0, $push;
    .scope S_0x55cd12e5a1d0;
T_1 ;
    %delay 0, 0;
    %pushi/vec4 0, 0, 32;
    %assign/vec4 v0x55cd12e6e8b0_0, 0;
    %pushi/vec4 0, 0, 32;
    %assign/vec4 v0x55cd12e6e9a0_0, 0;
    %delay 10, 0;
    %pushi/vec4 5, 0, 32;
    %assign/vec4 v0x55cd12e6e8b0_0, 0;
    %pushi/vec4 4, 0, 32;
    %assign/vec4 v0x55cd12e6e9a0_0, 0;
    %delay 10, 0;
    %pushi/vec4 13, 0, 32;
    %assign/vec4 v0x55cd12e6e8b0_0, 0;
    %pushi/vec4 66, 0, 32;
    %assign/vec4 v0x55cd12e6e9a0_0, 0;
    %delay 10, 0;
    %pushi/vec4 749, 0, 32;
    %assign/vec4 v0x55cd12e6e8b0_0, 0;
    %pushi/vec4 619, 0, 32;
    %assign/vec4 v0x55cd12e6e9a0_0, 0;
    %delay 10, 0;
    %pushi/vec4 786, 0, 32;
    %assign/vec4 v0x55cd12e6e8b0_0, 0;
    %pushi/vec4 4932, 0, 32;
    %assign/vec4 v0x55cd12e6e9a0_0, 0;
    %delay 10, 0;
    %pushi/vec4 65035, 0, 32;
    %assign/vec4 v0x55cd12e6e8b0_0, 0;
    %pushi/vec4 555489, 0, 32;
    %assign/vec4 v0x55cd12e6e9a0_0, 0;
    %delay 10, 0;
    %vpi_call 2 47 "$finish" {0 0 0};
    %end;
    .thread T_1;
# The file index is used to find the file name in the following table.
:file_names 4;
    "N/A";
    "<interactive>";
    "./../p2/q2.v";
    "p2-q2.v";
