#! /usr/bin/vvp
:ivl_version "11.0 (stable)";
:ivl_delay_selection "TYPICAL";
:vpi_time_precision - 9;
:vpi_module "/usr/lib/x86_64-linux-gnu/ivl/system.vpi";
:vpi_module "/usr/lib/x86_64-linux-gnu/ivl/vhdl_sys.vpi";
:vpi_module "/usr/lib/x86_64-linux-gnu/ivl/vhdl_textio.vpi";
:vpi_module "/usr/lib/x86_64-linux-gnu/ivl/v2005_math.vpi";
:vpi_module "/usr/lib/x86_64-linux-gnu/ivl/va_math.vpi";
S_0x5596261a9c00 .scope module, "top" "top" 2 36;
 .timescale -9 -9;
v0x5596261d6350_0 .var/s "a", 31 0;
v0x5596261d6430_0 .var/s "b", 31 0;
v0x5596261d6500_0 .var/s "ctrl", 2 0;
v0x5596261d6600_0 .var/i "i", 31 0;
v0x5596261d66a0_0 .net/s "out", 31 0, L_0x5596261d83f0;  1 drivers
E_0x55962616f3f0 .event edge, v0x5596261d6110_0, v0x5596261d6030_0, v0x5596261d5f50_0;
S_0x5596261a9d90 .scope function.vec4.s1, "check" "check" 2 112, 2 112 0, S_0x5596261a9c00;
 .timescale -9 -9;
v0x5596261a9f70_0 .var/s "a", 31 0;
v0x5596261d4150_0 .var/s "b", 31 0;
; Variable check is vec4 return value of scope S_0x5596261a9d90
v0x5596261d42d0_0 .var "ctrl", 2 0;
v0x5596261d43b0_0 .var/s "out", 31 0;
TD_top.check ;
    %load/vec4 v0x5596261d42d0_0;
    %dup/vec4;
    %pushi/vec4 0, 0, 3;
    %cmp/u;
    %jmp/1 T_0.0, 6;
    %dup/vec4;
    %pushi/vec4 1, 0, 3;
    %cmp/u;
    %jmp/1 T_0.1, 6;
    %dup/vec4;
    %pushi/vec4 2, 0, 3;
    %cmp/u;
    %jmp/1 T_0.2, 6;
    %dup/vec4;
    %pushi/vec4 3, 0, 3;
    %cmp/u;
    %jmp/1 T_0.3, 6;
    %dup/vec4;
    %pushi/vec4 4, 0, 3;
    %cmp/u;
    %jmp/1 T_0.4, 6;
    %dup/vec4;
    %pushi/vec4 5, 0, 3;
    %cmp/u;
    %jmp/1 T_0.5, 6;
    %dup/vec4;
    %pushi/vec4 6, 0, 3;
    %cmp/u;
    %jmp/1 T_0.6, 6;
    %dup/vec4;
    %pushi/vec4 7, 0, 3;
    %cmp/u;
    %jmp/1 T_0.7, 6;
    %jmp T_0.8;
T_0.0 ;
    %load/vec4 v0x5596261d43b0_0;
    %load/vec4 v0x5596261a9f70_0;
    %load/vec4 v0x5596261d4150_0;
    %add;
    %cmp/e;
    %flag_get/vec4 4;
    %ret/vec4 0, 0, 1;  Assign to check (store_vec4_to_lval)
    %jmp T_0.8;
T_0.1 ;
    %load/vec4 v0x5596261d43b0_0;
    %load/vec4 v0x5596261a9f70_0;
    %load/vec4 v0x5596261d4150_0;
    %sub;
    %cmp/e;
    %flag_get/vec4 4;
    %ret/vec4 0, 0, 1;  Assign to check (store_vec4_to_lval)
    %jmp T_0.8;
T_0.2 ;
    %load/vec4 v0x5596261d43b0_0;
    %load/vec4 v0x5596261a9f70_0;
    %load/vec4 v0x5596261d4150_0;
    %and;
    %cmp/e;
    %flag_get/vec4 4;
    %ret/vec4 0, 0, 1;  Assign to check (store_vec4_to_lval)
    %jmp T_0.8;
T_0.3 ;
    %load/vec4 v0x5596261d43b0_0;
    %load/vec4 v0x5596261a9f70_0;
    %load/vec4 v0x5596261d4150_0;
    %or;
    %cmp/e;
    %flag_get/vec4 4;
    %ret/vec4 0, 0, 1;  Assign to check (store_vec4_to_lval)
    %jmp T_0.8;
T_0.4 ;
    %load/vec4 v0x5596261d43b0_0;
    %load/vec4 v0x5596261a9f70_0;
    %load/vec4 v0x5596261d4150_0;
    %xor;
    %cmp/e;
    %flag_get/vec4 4;
    %ret/vec4 0, 0, 1;  Assign to check (store_vec4_to_lval)
    %jmp T_0.8;
T_0.5 ;
    %load/vec4 v0x5596261d43b0_0;
    %load/vec4 v0x5596261a9f70_0;
    %load/vec4 v0x5596261d4150_0;
    %ix/vec4 4;
    %shiftl 4;
    %cmp/e;
    %flag_get/vec4 4;
    %ret/vec4 0, 0, 1;  Assign to check (store_vec4_to_lval)
    %jmp T_0.8;
T_0.6 ;
    %load/vec4 v0x5596261d43b0_0;
    %load/vec4 v0x5596261a9f70_0;
    %load/vec4 v0x5596261d4150_0;
    %ix/vec4 4;
    %shiftr 4;
    %cmp/e;
    %flag_get/vec4 4;
    %ret/vec4 0, 0, 1;  Assign to check (store_vec4_to_lval)
    %jmp T_0.8;
T_0.7 ;
    %load/vec4 v0x5596261d43b0_0;
    %load/vec4 v0x5596261a9f70_0;
    %load/vec4 v0x5596261d4150_0;
    %ix/vec4 4;
    %shiftr/s 4;
    %cmp/e;
    %flag_get/vec4 4;
    %ret/vec4 0, 0, 1;  Assign to check (store_vec4_to_lval)
    %jmp T_0.8;
T_0.8 ;
    %pop/vec4 1;
    %end;
S_0x5596261d44e0 .scope module, "i_alu" "alu" 2 42, 3 29 0, S_0x5596261a9c00;
 .timescale 0 0;
    .port_info 0 /INPUT 32 "a";
    .port_info 1 /INPUT 32 "b";
    .port_info 2 /INPUT 3 "ctrl";
    .port_info 3 /OUTPUT 32 "out";
L_0x5596261d69a0 .functor AND 32, v0x5596261d6350_0, v0x5596261d6430_0, C4<11111111111111111111111111111111>, C4<11111111111111111111111111111111>;
L_0x5596261d6f40 .functor OR 32, v0x5596261d6350_0, v0x5596261d6430_0, C4<00000000000000000000000000000000>, C4<00000000000000000000000000000000>;
L_0x5596261d70a0 .functor XOR 32, v0x5596261d6350_0, v0x5596261d6430_0, C4<00000000000000000000000000000000>, C4<00000000000000000000000000000000>;
L_0x7f1df8818018 .functor BUFT 1, C4<000>, C4<0>, C4<0>, C4<0>;
v0x5596261d4750_0 .net/2u *"_ivl_0", 2 0, L_0x7f1df8818018;  1 drivers
v0x5596261d4830_0 .net/s *"_ivl_10", 31 0, L_0x5596261d6ba0;  1 drivers
L_0x7f1df88180a8 .functor BUFT 1, C4<010>, C4<0>, C4<0>, C4<0>;
v0x5596261d4910_0 .net/2u *"_ivl_12", 2 0, L_0x7f1df88180a8;  1 drivers
v0x5596261d4a00_0 .net *"_ivl_14", 0 0, L_0x5596261d6ca0;  1 drivers
v0x5596261d4ac0_0 .net *"_ivl_16", 31 0, L_0x5596261d69a0;  1 drivers
L_0x7f1df88180f0 .functor BUFT 1, C4<011>, C4<0>, C4<0>, C4<0>;
v0x5596261d4bf0_0 .net/2u *"_ivl_18", 2 0, L_0x7f1df88180f0;  1 drivers
v0x5596261d4cd0_0 .net *"_ivl_2", 0 0, L_0x5596261d6790;  1 drivers
v0x5596261d4d90_0 .net *"_ivl_20", 0 0, L_0x5596261d6e30;  1 drivers
v0x5596261d4e50_0 .net *"_ivl_22", 31 0, L_0x5596261d6f40;  1 drivers
L_0x7f1df8818138 .functor BUFT 1, C4<100>, C4<0>, C4<0>, C4<0>;
v0x5596261d4f30_0 .net/2u *"_ivl_24", 2 0, L_0x7f1df8818138;  1 drivers
v0x5596261d5010_0 .net *"_ivl_26", 0 0, L_0x5596261d6fb0;  1 drivers
v0x5596261d50d0_0 .net *"_ivl_28", 31 0, L_0x5596261d70a0;  1 drivers
L_0x7f1df8818180 .functor BUFT 1, C4<101>, C4<0>, C4<0>, C4<0>;
v0x5596261d51b0_0 .net/2u *"_ivl_30", 2 0, L_0x7f1df8818180;  1 drivers
v0x5596261d5290_0 .net *"_ivl_32", 0 0, L_0x5596261d7140;  1 drivers
v0x5596261d5350_0 .net *"_ivl_34", 31 0, L_0x5596261d72b0;  1 drivers
L_0x7f1df88181c8 .functor BUFT 1, C4<110>, C4<0>, C4<0>, C4<0>;
v0x5596261d5430_0 .net/2u *"_ivl_36", 2 0, L_0x7f1df88181c8;  1 drivers
v0x5596261d5510_0 .net *"_ivl_38", 0 0, L_0x5596261d7380;  1 drivers
v0x5596261d55d0_0 .net/s *"_ivl_4", 31 0, L_0x5596261d6900;  1 drivers
v0x5596261d56b0_0 .net *"_ivl_40", 31 0, L_0x5596261d7500;  1 drivers
v0x5596261d5790_0 .net *"_ivl_42", 31 0, L_0x5596261d77c0;  1 drivers
v0x5596261d5870_0 .net *"_ivl_44", 31 0, L_0x5596261d7900;  1 drivers
v0x5596261d5950_0 .net *"_ivl_46", 31 0, L_0x5596261d7a70;  1 drivers
v0x5596261d5a30_0 .net *"_ivl_48", 31 0, L_0x5596261d7c80;  1 drivers
v0x5596261d5b10_0 .net *"_ivl_50", 31 0, L_0x5596261d7e10;  1 drivers
v0x5596261d5bf0_0 .net *"_ivl_52", 31 0, L_0x5596261d8030;  1 drivers
v0x5596261d5cd0_0 .net *"_ivl_54", 31 0, L_0x5596261d81c0;  1 drivers
L_0x7f1df8818060 .functor BUFT 1, C4<001>, C4<0>, C4<0>, C4<0>;
v0x5596261d5db0_0 .net/2u *"_ivl_6", 2 0, L_0x7f1df8818060;  1 drivers
v0x5596261d5e90_0 .net *"_ivl_8", 0 0, L_0x5596261d6ab0;  1 drivers
v0x5596261d5f50_0 .net/s "a", 31 0, v0x5596261d6350_0;  1 drivers
v0x5596261d6030_0 .net/s "b", 31 0, v0x5596261d6430_0;  1 drivers
v0x5596261d6110_0 .net "ctrl", 2 0, v0x5596261d6500_0;  1 drivers
v0x5596261d61f0_0 .net/s "out", 31 0, L_0x5596261d83f0;  alias, 1 drivers
L_0x5596261d6790 .cmp/eq 3, v0x5596261d6500_0, L_0x7f1df8818018;
L_0x5596261d6900 .arith/sum 32, v0x5596261d6350_0, v0x5596261d6430_0;
L_0x5596261d6ab0 .cmp/eq 3, v0x5596261d6500_0, L_0x7f1df8818060;
L_0x5596261d6ba0 .arith/sub 32, v0x5596261d6350_0, v0x5596261d6430_0;
L_0x5596261d6ca0 .cmp/eq 3, v0x5596261d6500_0, L_0x7f1df88180a8;
L_0x5596261d6e30 .cmp/eq 3, v0x5596261d6500_0, L_0x7f1df88180f0;
L_0x5596261d6fb0 .cmp/eq 3, v0x5596261d6500_0, L_0x7f1df8818138;
L_0x5596261d7140 .cmp/eq 3, v0x5596261d6500_0, L_0x7f1df8818180;
L_0x5596261d72b0 .shift/l 32, v0x5596261d6350_0, v0x5596261d6430_0;
L_0x5596261d7380 .cmp/eq 3, v0x5596261d6500_0, L_0x7f1df88181c8;
L_0x5596261d7500 .shift/r 32, v0x5596261d6350_0, v0x5596261d6430_0;
L_0x5596261d77c0 .shift/rs 32, v0x5596261d6350_0, v0x5596261d6430_0;
L_0x5596261d7900 .functor MUXZ 32, L_0x5596261d77c0, L_0x5596261d7500, L_0x5596261d7380, C4<>;
L_0x5596261d7a70 .functor MUXZ 32, L_0x5596261d7900, L_0x5596261d72b0, L_0x5596261d7140, C4<>;
L_0x5596261d7c80 .functor MUXZ 32, L_0x5596261d7a70, L_0x5596261d70a0, L_0x5596261d6fb0, C4<>;
L_0x5596261d7e10 .functor MUXZ 32, L_0x5596261d7c80, L_0x5596261d6f40, L_0x5596261d6e30, C4<>;
L_0x5596261d8030 .functor MUXZ 32, L_0x5596261d7e10, L_0x5596261d69a0, L_0x5596261d6ca0, C4<>;
L_0x5596261d81c0 .functor MUXZ 32, L_0x5596261d8030, L_0x5596261d6ba0, L_0x5596261d6ab0, C4<>;
L_0x5596261d83f0 .functor MUXZ 32, L_0x5596261d81c0, L_0x5596261d6900, L_0x5596261d6790, C4<>;
    .scope S_0x5596261a9c00;
T_1 ;
    %wait E_0x55962616f3f0;
    %delay 5, 0;
    %load/vec4 v0x5596261d6350_0;
    %load/vec4 v0x5596261d6430_0;
    %load/vec4 v0x5596261d66a0_0;
    %load/vec4 v0x5596261d6500_0;
    %store/vec4 v0x5596261d42d0_0, 0, 3;
    %store/vec4 v0x5596261d43b0_0, 0, 32;
    %store/vec4 v0x5596261d4150_0, 0, 32;
    %store/vec4 v0x5596261a9f70_0, 0, 32;
    %callf/vec4 TD_top.check, S_0x5596261a9d90;
    %flag_set/vec4 8;
    %jmp/0 T_1.0, 8;
    %pushi/vec4 1130915171, 0, 32; draw_string_vec4
    %pushi/vec4 1797279841, 0, 32; draw_string_vec4
    %concat/vec4; draw_string_vec4
    %pushi/vec4 1936942436, 0, 32; draw_string_vec4
    %concat/vec4; draw_string_vec4
    %pushi/vec4 33, 0, 8; draw_string_vec4
    %concat/vec4; draw_string_vec4
    %jmp/1 T_1.1, 8;
T_1.0 ; End of true expr.
    %pushi/vec4 1130915171, 0, 32; draw_string_vec4
    %pushi/vec4 1797277281, 0, 32; draw_string_vec4
    %concat/vec4; draw_string_vec4
    %pushi/vec4 1768711524, 0, 32; draw_string_vec4
    %concat/vec4; draw_string_vec4
    %pushi/vec4 33, 0, 8; draw_string_vec4
    %concat/vec4; draw_string_vec4
    %jmp/0 T_1.1, 8;
 ; End of false expr.
    %blend;
T_1.1;
    %vpi_call 2 46 "$display", "ctrl=%3b a=%10d(%b) b=%10d(%b) out=%10d(%b) %s", v0x5596261d6500_0, v0x5596261d6350_0, v0x5596261d6350_0, v0x5596261d6430_0, v0x5596261d6430_0, v0x5596261d66a0_0, v0x5596261d66a0_0, S<0,vec4,u104> {1 0 0};
    %jmp T_1;
    .thread T_1, $push;
    .scope S_0x5596261a9c00;
T_2 ;
    %delay 0, 0;
    %pushi/vec4 0, 0, 3;
    %assign/vec4 v0x5596261d6500_0, 0;
    %pushi/vec4 0, 0, 32;
    %assign/vec4 v0x5596261d6350_0, 0;
    %pushi/vec4 0, 0, 32;
    %assign/vec4 v0x5596261d6430_0, 0;
    %pushi/vec4 0, 0, 32;
    %store/vec4 v0x5596261d6600_0, 0, 32;
T_2.0 ;
    %load/vec4 v0x5596261d6600_0;
    %cmpi/s 5, 0, 32;
    %jmp/0xz T_2.1, 5;
    %delay 10, 0;
    %load/vec4 v0x5596261d6600_0;
    %pad/s 3;
    %assign/vec4 v0x5596261d6500_0, 0;
    %pushi/vec4 5, 0, 32;
    %assign/vec4 v0x5596261d6350_0, 0;
    %pushi/vec4 4, 0, 32;
    %assign/vec4 v0x5596261d6430_0, 0;
    %delay 10, 0;
    %pushi/vec4 13, 0, 32;
    %assign/vec4 v0x5596261d6350_0, 0;
    %pushi/vec4 66, 0, 32;
    %assign/vec4 v0x5596261d6430_0, 0;
    %delay 10, 0;
    %pushi/vec4 749, 0, 32;
    %assign/vec4 v0x5596261d6350_0, 0;
    %pushi/vec4 619, 0, 32;
    %assign/vec4 v0x5596261d6430_0, 0;
    %delay 10, 0;
    %pushi/vec4 786, 0, 32;
    %assign/vec4 v0x5596261d6350_0, 0;
    %pushi/vec4 4932, 0, 32;
    %assign/vec4 v0x5596261d6430_0, 0;
    %delay 10, 0;
    %pushi/vec4 65035, 0, 32;
    %assign/vec4 v0x5596261d6350_0, 0;
    %pushi/vec4 555489, 0, 32;
    %assign/vec4 v0x5596261d6430_0, 0;
    %delay 10, 0;
    %pushi/vec4 36, 0, 32;
    %assign/vec4 v0x5596261d6350_0, 0;
    %pushi/vec4 4294967213, 0, 32;
    %assign/vec4 v0x5596261d6430_0, 0;
    %delay 10, 0;
    %pushi/vec4 4294967219, 0, 32;
    %assign/vec4 v0x5596261d6350_0, 0;
    %pushi/vec4 5528, 0, 32;
    %assign/vec4 v0x5596261d6430_0, 0;
    %delay 10, 0;
    %pushi/vec4 4294965808, 0, 32;
    %assign/vec4 v0x5596261d6350_0, 0;
    %pushi/vec4 4294961354, 0, 32;
    %assign/vec4 v0x5596261d6430_0, 0;
    %load/vec4 v0x5596261d6600_0;
    %addi 1, 0, 32;
    %store/vec4 v0x5596261d6600_0, 0, 32;
    %jmp T_2.0;
T_2.1 ;
    %pushi/vec4 5, 0, 32;
    %store/vec4 v0x5596261d6600_0, 0, 32;
T_2.2 ;
    %load/vec4 v0x5596261d6600_0;
    %cmpi/s 8, 0, 32;
    %jmp/0xz T_2.3, 5;
    %delay 10, 0;
    %load/vec4 v0x5596261d6600_0;
    %pad/s 3;
    %assign/vec4 v0x5596261d6500_0, 0;
    %pushi/vec4 1, 0, 32;
    %assign/vec4 v0x5596261d6350_0, 0;
    %pushi/vec4 6, 0, 32;
    %assign/vec4 v0x5596261d6430_0, 0;
    %delay 10, 0;
    %pushi/vec4 39, 0, 32;
    %assign/vec4 v0x5596261d6350_0, 0;
    %pushi/vec4 11, 0, 32;
    %assign/vec4 v0x5596261d6430_0, 0;
    %delay 10, 0;
    %pushi/vec4 359, 0, 32;
    %assign/vec4 v0x5596261d6350_0, 0;
    %pushi/vec4 7, 0, 32;
    %assign/vec4 v0x5596261d6430_0, 0;
    %delay 10, 0;
    %pushi/vec4 1048, 0, 32;
    %assign/vec4 v0x5596261d6350_0, 0;
    %pushi/vec4 13, 0, 32;
    %assign/vec4 v0x5596261d6430_0, 0;
    %delay 10, 0;
    %pushi/vec4 47972, 0, 32;
    %assign/vec4 v0x5596261d6350_0, 0;
    %pushi/vec4 10, 0, 32;
    %assign/vec4 v0x5596261d6430_0, 0;
    %delay 10, 0;
    %pushi/vec4 4294962164, 0, 32;
    %assign/vec4 v0x5596261d6350_0, 0;
    %pushi/vec4 8, 0, 32;
    %assign/vec4 v0x5596261d6430_0, 0;
    %delay 10, 0;
    %pushi/vec4 4294962123, 0, 32;
    %assign/vec4 v0x5596261d6350_0, 0;
    %pushi/vec4 5, 0, 32;
    %assign/vec4 v0x5596261d6430_0, 0;
    %delay 10, 0;
    %pushi/vec4 4294966896, 0, 32;
    %assign/vec4 v0x5596261d6350_0, 0;
    %pushi/vec4 16, 0, 32;
    %assign/vec4 v0x5596261d6430_0, 0;
    %load/vec4 v0x5596261d6600_0;
    %addi 1, 0, 32;
    %store/vec4 v0x5596261d6600_0, 0, 32;
    %jmp T_2.2;
T_2.3 ;
    %delay 10, 0;
    %vpi_call 2 109 "$finish" {0 0 0};
    %end;
    .thread T_2;
# The file index is used to find the file name in the following table.
:file_names 4;
    "N/A";
    "<interactive>";
    "./../p2/q4.v";
    "p2-q4.v";
