#! /usr/bin/vvp
:ivl_version "11.0 (stable)";
:ivl_delay_selection "TYPICAL";
:vpi_time_precision - 9;
:vpi_module "/usr/lib/x86_64-linux-gnu/ivl/system.vpi";
:vpi_module "/usr/lib/x86_64-linux-gnu/ivl/vhdl_sys.vpi";
:vpi_module "/usr/lib/x86_64-linux-gnu/ivl/vhdl_textio.vpi";
:vpi_module "/usr/lib/x86_64-linux-gnu/ivl/v2005_math.vpi";
:vpi_module "/usr/lib/x86_64-linux-gnu/ivl/va_math.vpi";
S_0x56161a8ad300 .scope module, "top" "top" 2 34;
 .timescale -9 -9;
v0x56161a8d36d0_0 .var/s "a", 31 0;
v0x56161a8d37b0_0 .var/s "b", 31 0;
v0x56161a8d3880_0 .var/s "ctrl", 2 0;
v0x56161a8d3980_0 .var/i "i", 31 0;
v0x56161a8d3a20_0 .net/s "out", 31 0, L_0x56161a8d3b30;  1 drivers
E_0x56161a871880 .event edge, v0x56161a8d3450_0, v0x56161a8d3370_0, v0x56161a8d3270_0;
S_0x56161a8ad490 .scope function.vec4.s1, "check" "check" 2 110, 2 110 0, S_0x56161a8ad300;
 .timescale -9 -9;
v0x56161a8ad670_0 .var/s "a", 31 0;
v0x56161a8d26e0_0 .var/s "b", 31 0;
; Variable check is vec4 return value of scope S_0x56161a8ad490
v0x56161a8d2860_0 .var "ctrl", 2 0;
v0x56161a8d2940_0 .var/s "out", 31 0;
TD_top.check ;
    %load/vec4 v0x56161a8d2860_0;
    %dup/vec4;
    %pushi/vec4 0, 0, 3;
    %cmp/u;
    %jmp/1 T_0.0, 6;
    %dup/vec4;
    %pushi/vec4 1, 0, 3;
    %cmp/u;
    %jmp/1 T_0.1, 6;
    %dup/vec4;
    %pushi/vec4 2, 0, 3;
    %cmp/u;
    %jmp/1 T_0.2, 6;
    %dup/vec4;
    %pushi/vec4 3, 0, 3;
    %cmp/u;
    %jmp/1 T_0.3, 6;
    %dup/vec4;
    %pushi/vec4 4, 0, 3;
    %cmp/u;
    %jmp/1 T_0.4, 6;
    %dup/vec4;
    %pushi/vec4 5, 0, 3;
    %cmp/u;
    %jmp/1 T_0.5, 6;
    %dup/vec4;
    %pushi/vec4 6, 0, 3;
    %cmp/u;
    %jmp/1 T_0.6, 6;
    %dup/vec4;
    %pushi/vec4 7, 0, 3;
    %cmp/u;
    %jmp/1 T_0.7, 6;
    %jmp T_0.8;
T_0.0 ;
    %load/vec4 v0x56161a8d2940_0;
    %load/vec4 v0x56161a8ad670_0;
    %load/vec4 v0x56161a8d26e0_0;
    %add;
    %cmp/e;
    %flag_get/vec4 4;
    %ret/vec4 0, 0, 1;  Assign to check (store_vec4_to_lval)
    %jmp T_0.8;
T_0.1 ;
    %load/vec4 v0x56161a8d2940_0;
    %load/vec4 v0x56161a8ad670_0;
    %load/vec4 v0x56161a8d26e0_0;
    %sub;
    %cmp/e;
    %flag_get/vec4 4;
    %ret/vec4 0, 0, 1;  Assign to check (store_vec4_to_lval)
    %jmp T_0.8;
T_0.2 ;
    %load/vec4 v0x56161a8d2940_0;
    %load/vec4 v0x56161a8ad670_0;
    %load/vec4 v0x56161a8d26e0_0;
    %and;
    %cmp/e;
    %flag_get/vec4 4;
    %ret/vec4 0, 0, 1;  Assign to check (store_vec4_to_lval)
    %jmp T_0.8;
T_0.3 ;
    %load/vec4 v0x56161a8d2940_0;
    %load/vec4 v0x56161a8ad670_0;
    %load/vec4 v0x56161a8d26e0_0;
    %or;
    %cmp/e;
    %flag_get/vec4 4;
    %ret/vec4 0, 0, 1;  Assign to check (store_vec4_to_lval)
    %jmp T_0.8;
T_0.4 ;
    %load/vec4 v0x56161a8d2940_0;
    %load/vec4 v0x56161a8ad670_0;
    %load/vec4 v0x56161a8d26e0_0;
    %xor;
    %cmp/e;
    %flag_get/vec4 4;
    %ret/vec4 0, 0, 1;  Assign to check (store_vec4_to_lval)
    %jmp T_0.8;
T_0.5 ;
    %load/vec4 v0x56161a8d2940_0;
    %load/vec4 v0x56161a8ad670_0;
    %load/vec4 v0x56161a8d26e0_0;
    %ix/vec4 4;
    %shiftl 4;
    %cmp/e;
    %flag_get/vec4 4;
    %ret/vec4 0, 0, 1;  Assign to check (store_vec4_to_lval)
    %jmp T_0.8;
T_0.6 ;
    %load/vec4 v0x56161a8d2940_0;
    %load/vec4 v0x56161a8ad670_0;
    %load/vec4 v0x56161a8d26e0_0;
    %ix/vec4 4;
    %shiftr 4;
    %cmp/e;
    %flag_get/vec4 4;
    %ret/vec4 0, 0, 1;  Assign to check (store_vec4_to_lval)
    %jmp T_0.8;
T_0.7 ;
    %load/vec4 v0x56161a8d2940_0;
    %load/vec4 v0x56161a8ad670_0;
    %load/vec4 v0x56161a8d26e0_0;
    %ix/vec4 4;
    %shiftr/s 4;
    %cmp/e;
    %flag_get/vec4 4;
    %ret/vec4 0, 0, 1;  Assign to check (store_vec4_to_lval)
    %jmp T_0.8;
T_0.8 ;
    %pop/vec4 1;
    %end;
S_0x56161a8d2a70 .scope module, "i_alu" "alu" 2 40, 3 29 0, S_0x56161a8ad300;
 .timescale -9 -9;
    .port_info 0 /INPUT 32 "a";
    .port_info 1 /INPUT 32 "b";
    .port_info 2 /INPUT 3 "ctrl";
    .port_info 3 /OUTPUT 32 "out";
v0x56161a8d3270_0 .net/s "a", 31 0, v0x56161a8d36d0_0;  1 drivers
v0x56161a8d3370_0 .net/s "b", 31 0, v0x56161a8d37b0_0;  1 drivers
v0x56161a8d3450_0 .net "ctrl", 2 0, v0x56161a8d3880_0;  1 drivers
v0x56161a8d3540_0 .net/s "out", 31 0, L_0x56161a8d3b30;  alias, 1 drivers
L_0x56161a8d3b30 .ufunc/vec4 TD_top.i_alu.f_alu, 32, v0x56161a8d36d0_0, v0x56161a8d37b0_0, v0x56161a8d3880_0 (v0x56161a8d2ec0_0, v0x56161a8d2fc0_0, v0x56161a8d30a0_0) S_0x56161a8d2ce0;
S_0x56161a8d2ce0 .scope function.vec4.u32, "f_alu" "f_alu" 3 32, 3 32 0, S_0x56161a8d2a70;
 .timescale -9 -9;
v0x56161a8d2ec0_0 .var/s "a", 31 0;
v0x56161a8d2fc0_0 .var/s "b", 31 0;
v0x56161a8d30a0_0 .var "ctrl", 2 0;
; Variable f_alu is vec4 return value of scope S_0x56161a8d2ce0
TD_top.i_alu.f_alu ;
    %load/vec4 v0x56161a8d30a0_0;
    %dup/vec4;
    %pushi/vec4 0, 0, 3;
    %cmp/u;
    %jmp/1 T_1.9, 6;
    %dup/vec4;
    %pushi/vec4 1, 0, 3;
    %cmp/u;
    %jmp/1 T_1.10, 6;
    %dup/vec4;
    %pushi/vec4 2, 0, 3;
    %cmp/u;
    %jmp/1 T_1.11, 6;
    %dup/vec4;
    %pushi/vec4 3, 0, 3;
    %cmp/u;
    %jmp/1 T_1.12, 6;
    %dup/vec4;
    %pushi/vec4 4, 0, 3;
    %cmp/u;
    %jmp/1 T_1.13, 6;
    %dup/vec4;
    %pushi/vec4 5, 0, 3;
    %cmp/u;
    %jmp/1 T_1.14, 6;
    %dup/vec4;
    %pushi/vec4 6, 0, 3;
    %cmp/u;
    %jmp/1 T_1.15, 6;
    %dup/vec4;
    %pushi/vec4 7, 0, 3;
    %cmp/u;
    %jmp/1 T_1.16, 6;
    %jmp T_1.17;
T_1.9 ;
    %load/vec4 v0x56161a8d2ec0_0;
    %load/vec4 v0x56161a8d2fc0_0;
    %add;
    %ret/vec4 0, 0, 32;  Assign to f_alu (store_vec4_to_lval)
    %jmp T_1.17;
T_1.10 ;
    %load/vec4 v0x56161a8d2ec0_0;
    %load/vec4 v0x56161a8d2fc0_0;
    %sub;
    %ret/vec4 0, 0, 32;  Assign to f_alu (store_vec4_to_lval)
    %jmp T_1.17;
T_1.11 ;
    %load/vec4 v0x56161a8d2ec0_0;
    %load/vec4 v0x56161a8d2fc0_0;
    %and;
    %ret/vec4 0, 0, 32;  Assign to f_alu (store_vec4_to_lval)
    %jmp T_1.17;
T_1.12 ;
    %load/vec4 v0x56161a8d2ec0_0;
    %load/vec4 v0x56161a8d2fc0_0;
    %or;
    %ret/vec4 0, 0, 32;  Assign to f_alu (store_vec4_to_lval)
    %jmp T_1.17;
T_1.13 ;
    %load/vec4 v0x56161a8d2ec0_0;
    %load/vec4 v0x56161a8d2fc0_0;
    %xor;
    %ret/vec4 0, 0, 32;  Assign to f_alu (store_vec4_to_lval)
    %jmp T_1.17;
T_1.14 ;
    %load/vec4 v0x56161a8d2ec0_0;
    %load/vec4 v0x56161a8d2fc0_0;
    %ix/vec4 4;
    %shiftl 4;
    %ret/vec4 0, 0, 32;  Assign to f_alu (store_vec4_to_lval)
    %jmp T_1.17;
T_1.15 ;
    %load/vec4 v0x56161a8d2ec0_0;
    %load/vec4 v0x56161a8d2fc0_0;
    %ix/vec4 4;
    %shiftr 4;
    %ret/vec4 0, 0, 32;  Assign to f_alu (store_vec4_to_lval)
    %jmp T_1.17;
T_1.16 ;
    %load/vec4 v0x56161a8d2ec0_0;
    %load/vec4 v0x56161a8d2fc0_0;
    %ix/vec4 4;
    %shiftr/s 4;
    %ret/vec4 0, 0, 32;  Assign to f_alu (store_vec4_to_lval)
    %jmp T_1.17;
T_1.17 ;
    %pop/vec4 1;
    %end;
    .scope S_0x56161a8ad300;
T_2 ;
    %wait E_0x56161a871880;
    %delay 5, 0;
    %load/vec4 v0x56161a8d36d0_0;
    %load/vec4 v0x56161a8d37b0_0;
    %load/vec4 v0x56161a8d3a20_0;
    %load/vec4 v0x56161a8d3880_0;
    %store/vec4 v0x56161a8d2860_0, 0, 3;
    %store/vec4 v0x56161a8d2940_0, 0, 32;
    %store/vec4 v0x56161a8d26e0_0, 0, 32;
    %store/vec4 v0x56161a8ad670_0, 0, 32;
    %callf/vec4 TD_top.check, S_0x56161a8ad490;
    %flag_set/vec4 8;
    %jmp/0 T_2.0, 8;
    %pushi/vec4 1130915171, 0, 32; draw_string_vec4
    %pushi/vec4 1797279841, 0, 32; draw_string_vec4
    %concat/vec4; draw_string_vec4
    %pushi/vec4 1936942436, 0, 32; draw_string_vec4
    %concat/vec4; draw_string_vec4
    %pushi/vec4 33, 0, 8; draw_string_vec4
    %concat/vec4; draw_string_vec4
    %jmp/1 T_2.1, 8;
T_2.0 ; End of true expr.
    %pushi/vec4 1130915171, 0, 32; draw_string_vec4
    %pushi/vec4 1797277281, 0, 32; draw_string_vec4
    %concat/vec4; draw_string_vec4
    %pushi/vec4 1768711524, 0, 32; draw_string_vec4
    %concat/vec4; draw_string_vec4
    %pushi/vec4 33, 0, 8; draw_string_vec4
    %concat/vec4; draw_string_vec4
    %jmp/0 T_2.1, 8;
 ; End of false expr.
    %blend;
T_2.1;
    %vpi_call 2 44 "$display", "ctrl=%3b a=%10d(%b) b=%10d(%b) out=%10d(%b) %s", v0x56161a8d3880_0, v0x56161a8d36d0_0, v0x56161a8d36d0_0, v0x56161a8d37b0_0, v0x56161a8d37b0_0, v0x56161a8d3a20_0, v0x56161a8d3a20_0, S<0,vec4,u104> {1 0 0};
    %jmp T_2;
    .thread T_2, $push;
    .scope S_0x56161a8ad300;
T_3 ;
    %delay 0, 0;
    %pushi/vec4 0, 0, 3;
    %assign/vec4 v0x56161a8d3880_0, 0;
    %pushi/vec4 0, 0, 32;
    %assign/vec4 v0x56161a8d36d0_0, 0;
    %pushi/vec4 0, 0, 32;
    %assign/vec4 v0x56161a8d37b0_0, 0;
    %pushi/vec4 0, 0, 32;
    %store/vec4 v0x56161a8d3980_0, 0, 32;
T_3.0 ;
    %load/vec4 v0x56161a8d3980_0;
    %cmpi/s 5, 0, 32;
    %jmp/0xz T_3.1, 5;
    %delay 10, 0;
    %load/vec4 v0x56161a8d3980_0;
    %pad/s 3;
    %assign/vec4 v0x56161a8d3880_0, 0;
    %pushi/vec4 5, 0, 32;
    %assign/vec4 v0x56161a8d36d0_0, 0;
    %pushi/vec4 4, 0, 32;
    %assign/vec4 v0x56161a8d37b0_0, 0;
    %delay 10, 0;
    %pushi/vec4 13, 0, 32;
    %assign/vec4 v0x56161a8d36d0_0, 0;
    %pushi/vec4 66, 0, 32;
    %assign/vec4 v0x56161a8d37b0_0, 0;
    %delay 10, 0;
    %pushi/vec4 749, 0, 32;
    %assign/vec4 v0x56161a8d36d0_0, 0;
    %pushi/vec4 619, 0, 32;
    %assign/vec4 v0x56161a8d37b0_0, 0;
    %delay 10, 0;
    %pushi/vec4 786, 0, 32;
    %assign/vec4 v0x56161a8d36d0_0, 0;
    %pushi/vec4 4932, 0, 32;
    %assign/vec4 v0x56161a8d37b0_0, 0;
    %delay 10, 0;
    %pushi/vec4 65035, 0, 32;
    %assign/vec4 v0x56161a8d36d0_0, 0;
    %pushi/vec4 555489, 0, 32;
    %assign/vec4 v0x56161a8d37b0_0, 0;
    %delay 10, 0;
    %pushi/vec4 36, 0, 32;
    %assign/vec4 v0x56161a8d36d0_0, 0;
    %pushi/vec4 4294967213, 0, 32;
    %assign/vec4 v0x56161a8d37b0_0, 0;
    %delay 10, 0;
    %pushi/vec4 4294967219, 0, 32;
    %assign/vec4 v0x56161a8d36d0_0, 0;
    %pushi/vec4 5528, 0, 32;
    %assign/vec4 v0x56161a8d37b0_0, 0;
    %delay 10, 0;
    %pushi/vec4 4294965808, 0, 32;
    %assign/vec4 v0x56161a8d36d0_0, 0;
    %pushi/vec4 4294961354, 0, 32;
    %assign/vec4 v0x56161a8d37b0_0, 0;
    %load/vec4 v0x56161a8d3980_0;
    %addi 1, 0, 32;
    %store/vec4 v0x56161a8d3980_0, 0, 32;
    %jmp T_3.0;
T_3.1 ;
    %pushi/vec4 5, 0, 32;
    %store/vec4 v0x56161a8d3980_0, 0, 32;
T_3.2 ;
    %load/vec4 v0x56161a8d3980_0;
    %cmpi/s 8, 0, 32;
    %jmp/0xz T_3.3, 5;
    %delay 10, 0;
    %load/vec4 v0x56161a8d3980_0;
    %pad/s 3;
    %assign/vec4 v0x56161a8d3880_0, 0;
    %pushi/vec4 1, 0, 32;
    %assign/vec4 v0x56161a8d36d0_0, 0;
    %pushi/vec4 6, 0, 32;
    %assign/vec4 v0x56161a8d37b0_0, 0;
    %delay 10, 0;
    %pushi/vec4 39, 0, 32;
    %assign/vec4 v0x56161a8d36d0_0, 0;
    %pushi/vec4 11, 0, 32;
    %assign/vec4 v0x56161a8d37b0_0, 0;
    %delay 10, 0;
    %pushi/vec4 359, 0, 32;
    %assign/vec4 v0x56161a8d36d0_0, 0;
    %pushi/vec4 7, 0, 32;
    %assign/vec4 v0x56161a8d37b0_0, 0;
    %delay 10, 0;
    %pushi/vec4 1048, 0, 32;
    %assign/vec4 v0x56161a8d36d0_0, 0;
    %pushi/vec4 13, 0, 32;
    %assign/vec4 v0x56161a8d37b0_0, 0;
    %delay 10, 0;
    %pushi/vec4 47972, 0, 32;
    %assign/vec4 v0x56161a8d36d0_0, 0;
    %pushi/vec4 10, 0, 32;
    %assign/vec4 v0x56161a8d37b0_0, 0;
    %delay 10, 0;
    %pushi/vec4 4294962164, 0, 32;
    %assign/vec4 v0x56161a8d36d0_0, 0;
    %pushi/vec4 8, 0, 32;
    %assign/vec4 v0x56161a8d37b0_0, 0;
    %delay 10, 0;
    %pushi/vec4 4294962123, 0, 32;
    %assign/vec4 v0x56161a8d36d0_0, 0;
    %pushi/vec4 5, 0, 32;
    %assign/vec4 v0x56161a8d37b0_0, 0;
    %delay 10, 0;
    %pushi/vec4 4294966896, 0, 32;
    %assign/vec4 v0x56161a8d36d0_0, 0;
    %pushi/vec4 16, 0, 32;
    %assign/vec4 v0x56161a8d37b0_0, 0;
    %load/vec4 v0x56161a8d3980_0;
    %addi 1, 0, 32;
    %store/vec4 v0x56161a8d3980_0, 0, 32;
    %jmp T_3.2;
T_3.3 ;
    %delay 10, 0;
    %vpi_call 2 107 "$finish" {0 0 0};
    %end;
    .thread T_3;
# The file index is used to find the file name in the following table.
:file_names 4;
    "N/A";
    "<interactive>";
    "./../p3/q1.v";
    "p3-q1.v";
