#! /usr/bin/vvp
:ivl_version "11.0 (stable)";
:ivl_delay_selection "TYPICAL";
:vpi_time_precision - 9;
:vpi_module "/usr/lib/x86_64-linux-gnu/ivl/system.vpi";
:vpi_module "/usr/lib/x86_64-linux-gnu/ivl/vhdl_sys.vpi";
:vpi_module "/usr/lib/x86_64-linux-gnu/ivl/vhdl_textio.vpi";
:vpi_module "/usr/lib/x86_64-linux-gnu/ivl/v2005_math.vpi";
:vpi_module "/usr/lib/x86_64-linux-gnu/ivl/va_math.vpi";
S_0x55edfa261050 .scope module, "top" "top" 2 20;
 .timescale -9 -9;
v0x55edfa275530_0 .var/s "in", 15 0;
v0x55edfa275620_0 .net/s "out", 31 0, L_0x55edfa275b10;  1 drivers
E_0x55edfa228400 .event edge, v0x55edfa275330_0;
S_0x55edfa261200 .scope module, "i_sext" "sext" 2 23, 3 15 0, S_0x55edfa261050;
 .timescale -9 -9;
    .port_info 0 /INPUT 16 "in";
    .port_info 1 /OUTPUT 32 "out";
v0x55edfa227cf0_0 .net *"_ivl_1", 0 0, L_0x55edfa2756f0;  1 drivers
v0x55edfa275250_0 .net *"_ivl_2", 15 0, L_0x55edfa275810;  1 drivers
v0x55edfa275330_0 .net "in", 15 0, v0x55edfa275530_0;  1 drivers
v0x55edfa2753f0_0 .net "out", 31 0, L_0x55edfa275b10;  alias, 1 drivers
L_0x55edfa2756f0 .part v0x55edfa275530_0, 15, 1;
LS_0x55edfa275810_0_0 .concat [ 1 1 1 1], L_0x55edfa2756f0, L_0x55edfa2756f0, L_0x55edfa2756f0, L_0x55edfa2756f0;
LS_0x55edfa275810_0_4 .concat [ 1 1 1 1], L_0x55edfa2756f0, L_0x55edfa2756f0, L_0x55edfa2756f0, L_0x55edfa2756f0;
LS_0x55edfa275810_0_8 .concat [ 1 1 1 1], L_0x55edfa2756f0, L_0x55edfa2756f0, L_0x55edfa2756f0, L_0x55edfa2756f0;
LS_0x55edfa275810_0_12 .concat [ 1 1 1 1], L_0x55edfa2756f0, L_0x55edfa2756f0, L_0x55edfa2756f0, L_0x55edfa2756f0;
L_0x55edfa275810 .concat [ 4 4 4 4], LS_0x55edfa275810_0_0, LS_0x55edfa275810_0_4, LS_0x55edfa275810_0_8, LS_0x55edfa275810_0_12;
L_0x55edfa275b10 .concat [ 16 16 0 0], v0x55edfa275530_0, L_0x55edfa275810;
    .scope S_0x55edfa261050;
T_0 ;
    %wait E_0x55edfa228400;
    %delay 5, 0;
    %load/vec4 v0x55edfa275620_0;
    %load/vec4 v0x55edfa275530_0;
    %parti/s 1, 15, 5;
    %replicate 16;
    %load/vec4 v0x55edfa275530_0;
    %concat/vec4; draw_concat_vec4
    %cmp/e;
    %flag_mov 8, 4;
    %jmp/0 T_0.0, 8;
    %pushi/vec4 1130915171, 0, 32; draw_string_vec4
    %pushi/vec4 1797279841, 0, 32; draw_string_vec4
    %concat/vec4; draw_string_vec4
    %pushi/vec4 1936942436, 0, 32; draw_string_vec4
    %concat/vec4; draw_string_vec4
    %pushi/vec4 33, 0, 8; draw_string_vec4
    %concat/vec4; draw_string_vec4
    %jmp/1 T_0.1, 8;
T_0.0 ; End of true expr.
    %pushi/vec4 1130915171, 0, 32; draw_string_vec4
    %pushi/vec4 1797277281, 0, 32; draw_string_vec4
    %concat/vec4; draw_string_vec4
    %pushi/vec4 1768711524, 0, 32; draw_string_vec4
    %concat/vec4; draw_string_vec4
    %pushi/vec4 33, 0, 8; draw_string_vec4
    %concat/vec4; draw_string_vec4
    %jmp/0 T_0.1, 8;
 ; End of false expr.
    %blend;
T_0.1;
    %vpi_call 2 27 "$display", "in=%10d(%b) out=%10d(%b) %s", v0x55edfa275530_0, v0x55edfa275530_0, v0x55edfa275620_0, v0x55edfa275620_0, S<0,vec4,u104> {1 0 0};
    %jmp T_0;
    .thread T_0, $push;
    .scope S_0x55edfa261050;
T_1 ;
    %delay 0, 0;
    %pushi/vec4 0, 0, 16;
    %assign/vec4 v0x55edfa275530_0, 0;
    %delay 10, 0;
    %pushi/vec4 53, 0, 16;
    %assign/vec4 v0x55edfa275530_0, 0;
    %delay 10, 0;
    %pushi/vec4 32, 0, 16;
    %assign/vec4 v0x55edfa275530_0, 0;
    %delay 10, 0;
    %pushi/vec4 65517, 0, 16;
    %assign/vec4 v0x55edfa275530_0, 0;
    %delay 10, 0;
    %pushi/vec4 65497, 0, 16;
    %assign/vec4 v0x55edfa275530_0, 0;
    %delay 10, 0;
    %pushi/vec4 61921, 0, 16;
    %assign/vec4 v0x55edfa275530_0, 0;
    %delay 10, 0;
    %pushi/vec4 9580, 0, 16;
    %assign/vec4 v0x55edfa275530_0, 0;
    %delay 10, 0;
    %pushi/vec4 56291, 0, 16;
    %assign/vec4 v0x55edfa275530_0, 0;
    %delay 10, 0;
    %vpi_call 2 48 "$finish" {0 0 0};
    %end;
    .thread T_1;
# The file index is used to find the file name in the following table.
:file_names 4;
    "N/A";
    "<interactive>";
    "./../p3/q2.v";
    "p3-q2.v";
