#! /usr/bin/vvp
:ivl_version "11.0 (stable)";
:ivl_delay_selection "TYPICAL";
:vpi_time_precision - 9;
:vpi_module "/usr/lib/x86_64-linux-gnu/ivl/system.vpi";
:vpi_module "/usr/lib/x86_64-linux-gnu/ivl/vhdl_sys.vpi";
:vpi_module "/usr/lib/x86_64-linux-gnu/ivl/vhdl_textio.vpi";
:vpi_module "/usr/lib/x86_64-linux-gnu/ivl/v2005_math.vpi";
:vpi_module "/usr/lib/x86_64-linux-gnu/ivl/va_math.vpi";
S_0x55eed389f890 .scope module, "top" "top" 2 22;
 .timescale -9 -9;
v0x55eed38bb300_0 .var "clk", 0 0;
v0x55eed38bb3c0_0 .var/i "i", 31 0;
v0x55eed38bb480_0 .var "in", 31 0;
v0x55eed38bb580_0 .net "out", 31 0, v0x55eed38bafa0_0;  1 drivers
v0x55eed38bb650_0 .var "rst", 0 0;
v0x55eed38bb740_0 .var "write_n", 0 0;
E_0x55eed38651f0 .event edge, v0x55eed38baec0_0, v0x55eed38bb150_0, v0x55eed38bb090_0, v0x55eed38904a0_0;
S_0x55eed389fa50 .scope module, "i_register" "register" 2 27, 3 17 0, S_0x55eed389f890;
 .timescale 0 0;
    .port_info 0 /INPUT 1 "clk";
    .port_info 1 /INPUT 1 "rst";
    .port_info 2 /INPUT 1 "write_n";
    .port_info 3 /INPUT 32 "in";
    .port_info 4 /OUTPUT 32 "out";
v0x55eed38904a0_0 .net "clk", 0 0, v0x55eed38bb300_0;  1 drivers
v0x55eed38baec0_0 .net "in", 31 0, v0x55eed38bb480_0;  1 drivers
v0x55eed38bafa0_0 .var "out", 31 0;
v0x55eed38bb090_0 .net "rst", 0 0, v0x55eed38bb650_0;  1 drivers
v0x55eed38bb150_0 .net "write_n", 0 0, v0x55eed38bb740_0;  1 drivers
E_0x55eed389dbf0/0 .event negedge, v0x55eed38bb090_0;
E_0x55eed389dbf0/1 .event posedge, v0x55eed38904a0_0;
E_0x55eed389dbf0 .event/or E_0x55eed389dbf0/0, E_0x55eed389dbf0/1;
    .scope S_0x55eed389fa50;
T_0 ;
    %wait E_0x55eed389dbf0;
    %load/vec4 v0x55eed38bb090_0;
    %nor/r;
    %flag_set/vec4 8;
    %jmp/0xz  T_0.0, 8;
    %pushi/vec4 0, 0, 32;
    %assign/vec4 v0x55eed38bafa0_0, 0;
    %jmp T_0.1;
T_0.0 ;
    %load/vec4 v0x55eed38bb150_0;
    %nor/r;
    %flag_set/vec4 8;
    %jmp/0xz  T_0.2, 8;
    %load/vec4 v0x55eed38baec0_0;
    %assign/vec4 v0x55eed38bafa0_0, 0;
    %jmp T_0.3;
T_0.2 ;
    %load/vec4 v0x55eed38bafa0_0;
    %assign/vec4 v0x55eed38bafa0_0, 0;
T_0.3 ;
T_0.1 ;
    %jmp T_0;
    .thread T_0;
    .scope S_0x55eed389f890;
T_1 ;
    %wait E_0x55eed38651f0;
    %delay 5, 0;
    %vpi_call 2 31 "$display", "%d rst=%d write_n=%b in=%10d out=%10d", $time, v0x55eed38bb650_0, v0x55eed38bb740_0, v0x55eed38bb480_0, v0x55eed38bb580_0 {0 0 0};
    %jmp T_1;
    .thread T_1, $push;
    .scope S_0x55eed389f890;
T_2 ;
    %delay 0, 0;
    %pushi/vec4 0, 0, 1;
    %assign/vec4 v0x55eed38bb300_0, 0;
    %pushi/vec4 1, 0, 1;
    %assign/vec4 v0x55eed38bb650_0, 0;
    %pushi/vec4 1, 0, 1;
    %assign/vec4 v0x55eed38bb740_0, 0;
    %pushi/vec4 0, 0, 32;
    %assign/vec4 v0x55eed38bb480_0, 0;
    %delay 10, 0;
    %pushi/vec4 0, 0, 1;
    %assign/vec4 v0x55eed38bb650_0, 0;
    %delay 5, 0;
    %pushi/vec4 1, 0, 1;
    %assign/vec4 v0x55eed38bb650_0, 0;
    %pushi/vec4 0, 0, 32;
    %store/vec4 v0x55eed38bb3c0_0, 0, 32;
T_2.0 ;
    %load/vec4 v0x55eed38bb3c0_0;
    %cmpi/s 10, 0, 32;
    %jmp/0xz T_2.1, 5;
    %delay 10, 0;
    %load/vec4 v0x55eed38bb300_0;
    %inv;
    %assign/vec4 v0x55eed38bb300_0, 0;
    %load/vec4 v0x55eed38bb3c0_0;
    %addi 1, 0, 32;
    %store/vec4 v0x55eed38bb3c0_0, 0, 32;
    %jmp T_2.0;
T_2.1 ;
    %delay 10, 0;
    %pushi/vec4 0, 0, 1;
    %assign/vec4 v0x55eed38bb740_0, 0;
    %pushi/vec4 123, 0, 32;
    %assign/vec4 v0x55eed38bb480_0, 0;
    %load/vec4 v0x55eed38bb300_0;
    %inv;
    %assign/vec4 v0x55eed38bb300_0, 0;
    %delay 10, 0;
    %pushi/vec4 1, 0, 1;
    %assign/vec4 v0x55eed38bb740_0, 0;
    %load/vec4 v0x55eed38bb300_0;
    %inv;
    %assign/vec4 v0x55eed38bb300_0, 0;
    %pushi/vec4 0, 0, 32;
    %assign/vec4 v0x55eed38bb480_0, 0;
    %pushi/vec4 0, 0, 32;
    %store/vec4 v0x55eed38bb3c0_0, 0, 32;
T_2.2 ;
    %load/vec4 v0x55eed38bb3c0_0;
    %cmpi/s 10, 0, 32;
    %jmp/0xz T_2.3, 5;
    %delay 10, 0;
    %load/vec4 v0x55eed38bb300_0;
    %inv;
    %assign/vec4 v0x55eed38bb300_0, 0;
    %load/vec4 v0x55eed38bb3c0_0;
    %addi 1, 0, 32;
    %store/vec4 v0x55eed38bb3c0_0, 0, 32;
    %jmp T_2.2;
T_2.3 ;
    %delay 5, 0;
    %pushi/vec4 0, 0, 1;
    %assign/vec4 v0x55eed38bb650_0, 0;
    %delay 5, 0;
    %pushi/vec4 1, 0, 1;
    %assign/vec4 v0x55eed38bb650_0, 0;
    %pushi/vec4 0, 0, 32;
    %store/vec4 v0x55eed38bb3c0_0, 0, 32;
T_2.4 ;
    %load/vec4 v0x55eed38bb3c0_0;
    %cmpi/s 10, 0, 32;
    %jmp/0xz T_2.5, 5;
    %delay 10, 0;
    %load/vec4 v0x55eed38bb300_0;
    %inv;
    %assign/vec4 v0x55eed38bb300_0, 0;
    %load/vec4 v0x55eed38bb3c0_0;
    %addi 1, 0, 32;
    %store/vec4 v0x55eed38bb3c0_0, 0, 32;
    %jmp T_2.4;
T_2.5 ;
    %delay 10, 0;
    %pushi/vec4 0, 0, 1;
    %assign/vec4 v0x55eed38bb740_0, 0;
    %pushi/vec4 546, 0, 32;
    %assign/vec4 v0x55eed38bb480_0, 0;
    %load/vec4 v0x55eed38bb300_0;
    %inv;
    %assign/vec4 v0x55eed38bb300_0, 0;
    %delay 10, 0;
    %pushi/vec4 1, 0, 1;
    %assign/vec4 v0x55eed38bb740_0, 0;
    %load/vec4 v0x55eed38bb300_0;
    %inv;
    %assign/vec4 v0x55eed38bb300_0, 0;
    %pushi/vec4 0, 0, 32;
    %assign/vec4 v0x55eed38bb480_0, 0;
    %pushi/vec4 0, 0, 32;
    %store/vec4 v0x55eed38bb3c0_0, 0, 32;
T_2.6 ;
    %load/vec4 v0x55eed38bb3c0_0;
    %cmpi/s 10, 0, 32;
    %jmp/0xz T_2.7, 5;
    %delay 10, 0;
    %load/vec4 v0x55eed38bb300_0;
    %inv;
    %assign/vec4 v0x55eed38bb300_0, 0;
    %load/vec4 v0x55eed38bb3c0_0;
    %addi 1, 0, 32;
    %store/vec4 v0x55eed38bb3c0_0, 0, 32;
    %jmp T_2.6;
T_2.7 ;
    %vpi_call 2 68 "$finish" {0 0 0};
    %end;
    .thread T_2;
# The file index is used to find the file name in the following table.
:file_names 4;
    "N/A";
    "<interactive>";
    "./../p4/q1.v";
    "p4-q1.v";
