#! /usr/bin/vvp
:ivl_version "11.0 (stable)";
:ivl_delay_selection "TYPICAL";
:vpi_time_precision - 8;
:vpi_module "/usr/lib/x86_64-linux-gnu/ivl/system.vpi";
:vpi_module "/usr/lib/x86_64-linux-gnu/ivl/vhdl_sys.vpi";
:vpi_module "/usr/lib/x86_64-linux-gnu/ivl/vhdl_textio.vpi";
:vpi_module "/usr/lib/x86_64-linux-gnu/ivl/v2005_math.vpi";
:vpi_module "/usr/lib/x86_64-linux-gnu/ivl/va_math.vpi";
S_0x55c4dd9b0c70 .scope module, "top" "top" 2 21;
 .timescale -8 -8;
v0x55c4dd9c5b40_0 .var "clk", 0 0;
v0x55c4dd9c5c10_0 .var/i "i", 31 0;
v0x55c4dd9c5cd0_0 .net "out", 31 0, v0x55c4dd9c5940_0;  1 drivers
v0x55c4dd9c5dd0_0 .var "rst", 0 0;
E_0x55c4dd9778b0 .event edge, v0x55c4dd9c5a20_0, v0x55c4dd976cf0_0;
S_0x55c4dd9b0e20 .scope module, "i_counter32" "counter32" 2 25, 3 16 0, S_0x55c4dd9b0c70;
 .timescale 0 0;
    .port_info 0 /INPUT 1 "clk";
    .port_info 1 /INPUT 1 "rst";
    .port_info 2 /OUTPUT 32 "out";
v0x55c4dd976cf0_0 .net "clk", 0 0, v0x55c4dd9c5b40_0;  1 drivers
v0x55c4dd9c5940_0 .var "out", 31 0;
v0x55c4dd9c5a20_0 .net "rst", 0 0, v0x55c4dd9c5dd0_0;  1 drivers
E_0x55c4dd977440/0 .event negedge, v0x55c4dd9c5a20_0;
E_0x55c4dd977440/1 .event posedge, v0x55c4dd976cf0_0;
E_0x55c4dd977440 .event/or E_0x55c4dd977440/0, E_0x55c4dd977440/1;
    .scope S_0x55c4dd9b0e20;
T_0 ;
    %wait E_0x55c4dd977440;
    %load/vec4 v0x55c4dd9c5a20_0;
    %nor/r;
    %flag_set/vec4 8;
    %jmp/0xz  T_0.0, 8;
    %pushi/vec4 0, 0, 32;
    %assign/vec4 v0x55c4dd9c5940_0, 0;
    %jmp T_0.1;
T_0.0 ;
    %load/vec4 v0x55c4dd9c5940_0;
    %addi 1, 0, 32;
    %assign/vec4 v0x55c4dd9c5940_0, 0;
T_0.1 ;
    %jmp T_0;
    .thread T_0;
    .scope S_0x55c4dd9b0c70;
T_1 ;
    %wait E_0x55c4dd9778b0;
    %delay 5, 0;
    %vpi_call 2 29 "$display", "%d out=%10d", $time, v0x55c4dd9c5cd0_0 {0 0 0};
    %jmp T_1;
    .thread T_1, $push;
    .scope S_0x55c4dd9b0c70;
T_2 ;
    %delay 0, 0;
    %pushi/vec4 0, 0, 1;
    %assign/vec4 v0x55c4dd9c5b40_0, 0;
    %pushi/vec4 1, 0, 1;
    %assign/vec4 v0x55c4dd9c5dd0_0, 0;
    %delay 10, 0;
    %pushi/vec4 0, 0, 1;
    %assign/vec4 v0x55c4dd9c5dd0_0, 0;
    %delay 5, 0;
    %pushi/vec4 1, 0, 1;
    %assign/vec4 v0x55c4dd9c5dd0_0, 0;
    %pushi/vec4 0, 0, 32;
    %store/vec4 v0x55c4dd9c5c10_0, 0, 32;
T_2.0 ;
    %load/vec4 v0x55c4dd9c5c10_0;
    %cmpi/s 100, 0, 32;
    %jmp/0xz T_2.1, 5;
    %delay 10, 0;
    %load/vec4 v0x55c4dd9c5b40_0;
    %inv;
    %assign/vec4 v0x55c4dd9c5b40_0, 0;
    %load/vec4 v0x55c4dd9c5c10_0;
    %addi 1, 0, 32;
    %store/vec4 v0x55c4dd9c5c10_0, 0, 32;
    %jmp T_2.0;
T_2.1 ;
    %delay 5, 0;
    %pushi/vec4 0, 0, 1;
    %assign/vec4 v0x55c4dd9c5dd0_0, 0;
    %delay 5, 0;
    %pushi/vec4 1, 0, 1;
    %assign/vec4 v0x55c4dd9c5dd0_0, 0;
    %pushi/vec4 0, 0, 32;
    %store/vec4 v0x55c4dd9c5c10_0, 0, 32;
T_2.2 ;
    %load/vec4 v0x55c4dd9c5c10_0;
    %cmpi/s 100, 0, 32;
    %jmp/0xz T_2.3, 5;
    %delay 10, 0;
    %load/vec4 v0x55c4dd9c5b40_0;
    %inv;
    %assign/vec4 v0x55c4dd9c5b40_0, 0;
    %load/vec4 v0x55c4dd9c5c10_0;
    %addi 1, 0, 32;
    %store/vec4 v0x55c4dd9c5c10_0, 0, 32;
    %jmp T_2.2;
T_2.3 ;
    %vpi_call 2 46 "$finish" {0 0 0};
    %end;
    .thread T_2;
# The file index is used to find the file name in the following table.
:file_names 4;
    "N/A";
    "<interactive>";
    "./../p4/q2.v";
    "p4-q2.v";
