#! /usr/bin/vvp
:ivl_version "11.0 (stable)";
:ivl_delay_selection "TYPICAL";
:vpi_time_precision - 9;
:vpi_module "/usr/lib/x86_64-linux-gnu/ivl/system.vpi";
:vpi_module "/usr/lib/x86_64-linux-gnu/ivl/vhdl_sys.vpi";
:vpi_module "/usr/lib/x86_64-linux-gnu/ivl/vhdl_textio.vpi";
:vpi_module "/usr/lib/x86_64-linux-gnu/ivl/v2005_math.vpi";
:vpi_module "/usr/lib/x86_64-linux-gnu/ivl/va_math.vpi";
S_0x55ccfc8299b0 .scope module, "top" "top" 2 33;
 .timescale -9 -9;
v0x55ccfc84f7d0_0 .var/s "a", 15 0;
v0x55ccfc84f8b0_0 .var/s "b", 15 0;
v0x55ccfc84f980_0 .var/s "ctrl", 2 0;
v0x55ccfc84fa80_0 .var/i "i", 31 0;
v0x55ccfc84fb20_0 .net/s "out", 15 0, L_0x55ccfc84fc30;  1 drivers
E_0x55ccfc825c90 .event edge, v0x55ccfc84f550_0, v0x55ccfc84f470_0, v0x55ccfc84f370_0;
S_0x55ccfc829b40 .scope function.vec4.s1, "check" "check" 2 109, 2 109 0, S_0x55ccfc8299b0;
 .timescale -9 -9;
v0x55ccfc829d20_0 .var/s "a", 15 0;
v0x55ccfc84e740_0 .var/s "b", 15 0;
; Variable check is vec4 return value of scope S_0x55ccfc829b40
v0x55ccfc84e8c0_0 .var "ctrl", 2 0;
v0x55ccfc84e9a0_0 .var/s "out", 15 0;
TD_top.check ;
    %load/vec4 v0x55ccfc84e8c0_0;
    %dup/vec4;
    %pushi/vec4 0, 0, 3;
    %cmp/u;
    %jmp/1 T_0.0, 6;
    %dup/vec4;
    %pushi/vec4 1, 0, 3;
    %cmp/u;
    %jmp/1 T_0.1, 6;
    %dup/vec4;
    %pushi/vec4 2, 0, 3;
    %cmp/u;
    %jmp/1 T_0.2, 6;
    %dup/vec4;
    %pushi/vec4 3, 0, 3;
    %cmp/u;
    %jmp/1 T_0.3, 6;
    %dup/vec4;
    %pushi/vec4 4, 0, 3;
    %cmp/u;
    %jmp/1 T_0.4, 6;
    %dup/vec4;
    %pushi/vec4 5, 0, 3;
    %cmp/u;
    %jmp/1 T_0.5, 6;
    %dup/vec4;
    %pushi/vec4 6, 0, 3;
    %cmp/u;
    %jmp/1 T_0.6, 6;
    %dup/vec4;
    %pushi/vec4 7, 0, 3;
    %cmp/u;
    %jmp/1 T_0.7, 6;
    %jmp T_0.8;
T_0.0 ;
    %load/vec4 v0x55ccfc84e9a0_0;
    %load/vec4 v0x55ccfc829d20_0;
    %load/vec4 v0x55ccfc84e740_0;
    %add;
    %cmp/e;
    %flag_get/vec4 4;
    %ret/vec4 0, 0, 1;  Assign to check (store_vec4_to_lval)
    %jmp T_0.8;
T_0.1 ;
    %load/vec4 v0x55ccfc84e9a0_0;
    %load/vec4 v0x55ccfc829d20_0;
    %load/vec4 v0x55ccfc84e740_0;
    %sub;
    %cmp/e;
    %flag_get/vec4 4;
    %ret/vec4 0, 0, 1;  Assign to check (store_vec4_to_lval)
    %jmp T_0.8;
T_0.2 ;
    %load/vec4 v0x55ccfc84e9a0_0;
    %load/vec4 v0x55ccfc829d20_0;
    %load/vec4 v0x55ccfc84e740_0;
    %and;
    %cmp/e;
    %flag_get/vec4 4;
    %ret/vec4 0, 0, 1;  Assign to check (store_vec4_to_lval)
    %jmp T_0.8;
T_0.3 ;
    %load/vec4 v0x55ccfc84e9a0_0;
    %load/vec4 v0x55ccfc829d20_0;
    %load/vec4 v0x55ccfc84e740_0;
    %or;
    %cmp/e;
    %flag_get/vec4 4;
    %ret/vec4 0, 0, 1;  Assign to check (store_vec4_to_lval)
    %jmp T_0.8;
T_0.4 ;
    %load/vec4 v0x55ccfc84e9a0_0;
    %load/vec4 v0x55ccfc829d20_0;
    %load/vec4 v0x55ccfc84e740_0;
    %xor;
    %cmp/e;
    %flag_get/vec4 4;
    %ret/vec4 0, 0, 1;  Assign to check (store_vec4_to_lval)
    %jmp T_0.8;
T_0.5 ;
    %load/vec4 v0x55ccfc84e9a0_0;
    %load/vec4 v0x55ccfc829d20_0;
    %load/vec4 v0x55ccfc84e740_0;
    %ix/vec4 4;
    %shiftl 4;
    %cmp/e;
    %flag_get/vec4 4;
    %ret/vec4 0, 0, 1;  Assign to check (store_vec4_to_lval)
    %jmp T_0.8;
T_0.6 ;
    %load/vec4 v0x55ccfc84e9a0_0;
    %load/vec4 v0x55ccfc829d20_0;
    %load/vec4 v0x55ccfc84e740_0;
    %ix/vec4 4;
    %shiftr 4;
    %cmp/e;
    %flag_get/vec4 4;
    %ret/vec4 0, 0, 1;  Assign to check (store_vec4_to_lval)
    %jmp T_0.8;
T_0.7 ;
    %load/vec4 v0x55ccfc84e9a0_0;
    %load/vec4 v0x55ccfc829d20_0;
    %load/vec4 v0x55ccfc84e740_0;
    %ix/vec4 4;
    %shiftr/s 4;
    %cmp/e;
    %flag_get/vec4 4;
    %ret/vec4 0, 0, 1;  Assign to check (store_vec4_to_lval)
    %jmp T_0.8;
T_0.8 ;
    %pop/vec4 1;
    %end;
S_0x55ccfc84ead0 .scope module, "i_alu" "alu" 2 39, 3 28 0, S_0x55ccfc8299b0;
 .timescale 0 0;
    .port_info 0 /INPUT 16 "a";
    .port_info 1 /INPUT 16 "b";
    .port_info 2 /INPUT 3 "ctrl";
    .port_info 3 /OUTPUT 16 "out";
P_0x55ccfc84ecd0 .param/l "bitwidth" 0 3 29, +C4<00000000000000000000000000010000>;
v0x55ccfc84f370_0 .net/s "a", 15 0, v0x55ccfc84f7d0_0;  1 drivers
v0x55ccfc84f470_0 .net/s "b", 15 0, v0x55ccfc84f8b0_0;  1 drivers
v0x55ccfc84f550_0 .net "ctrl", 2 0, v0x55ccfc84f980_0;  1 drivers
v0x55ccfc84f640_0 .net/s "out", 15 0, L_0x55ccfc84fc30;  alias, 1 drivers
L_0x55ccfc84fc30 .ufunc/vec4 TD_top.i_alu.f_alu, 16, v0x55ccfc84f7d0_0, v0x55ccfc84f8b0_0, v0x55ccfc84f980_0 (v0x55ccfc84efc0_0, v0x55ccfc84f0c0_0, v0x55ccfc84f1a0_0) S_0x55ccfc84ede0;
S_0x55ccfc84ede0 .scope function.vec4.u16, "f_alu" "f_alu" 3 35, 3 35 0, S_0x55ccfc84ead0;
 .timescale 0 0;
v0x55ccfc84efc0_0 .var/s "a", 15 0;
v0x55ccfc84f0c0_0 .var/s "b", 15 0;
v0x55ccfc84f1a0_0 .var "ctrl", 2 0;
; Variable f_alu is vec4 return value of scope S_0x55ccfc84ede0
TD_top.i_alu.f_alu ;
    %load/vec4 v0x55ccfc84f1a0_0;
    %dup/vec4;
    %pushi/vec4 0, 0, 3;
    %cmp/u;
    %jmp/1 T_1.9, 6;
    %dup/vec4;
    %pushi/vec4 1, 0, 3;
    %cmp/u;
    %jmp/1 T_1.10, 6;
    %dup/vec4;
    %pushi/vec4 2, 0, 3;
    %cmp/u;
    %jmp/1 T_1.11, 6;
    %dup/vec4;
    %pushi/vec4 3, 0, 3;
    %cmp/u;
    %jmp/1 T_1.12, 6;
    %dup/vec4;
    %pushi/vec4 4, 0, 3;
    %cmp/u;
    %jmp/1 T_1.13, 6;
    %dup/vec4;
    %pushi/vec4 5, 0, 3;
    %cmp/u;
    %jmp/1 T_1.14, 6;
    %dup/vec4;
    %pushi/vec4 6, 0, 3;
    %cmp/u;
    %jmp/1 T_1.15, 6;
    %dup/vec4;
    %pushi/vec4 7, 0, 3;
    %cmp/u;
    %jmp/1 T_1.16, 6;
    %jmp T_1.17;
T_1.9 ;
    %load/vec4 v0x55ccfc84efc0_0;
    %load/vec4 v0x55ccfc84f0c0_0;
    %add;
    %ret/vec4 0, 0, 16;  Assign to f_alu (store_vec4_to_lval)
    %jmp T_1.17;
T_1.10 ;
    %load/vec4 v0x55ccfc84efc0_0;
    %load/vec4 v0x55ccfc84f0c0_0;
    %sub;
    %ret/vec4 0, 0, 16;  Assign to f_alu (store_vec4_to_lval)
    %jmp T_1.17;
T_1.11 ;
    %load/vec4 v0x55ccfc84efc0_0;
    %load/vec4 v0x55ccfc84f0c0_0;
    %and;
    %ret/vec4 0, 0, 16;  Assign to f_alu (store_vec4_to_lval)
    %jmp T_1.17;
T_1.12 ;
    %load/vec4 v0x55ccfc84efc0_0;
    %load/vec4 v0x55ccfc84f0c0_0;
    %or;
    %ret/vec4 0, 0, 16;  Assign to f_alu (store_vec4_to_lval)
    %jmp T_1.17;
T_1.13 ;
    %load/vec4 v0x55ccfc84efc0_0;
    %load/vec4 v0x55ccfc84f0c0_0;
    %xor;
    %ret/vec4 0, 0, 16;  Assign to f_alu (store_vec4_to_lval)
    %jmp T_1.17;
T_1.14 ;
    %load/vec4 v0x55ccfc84efc0_0;
    %load/vec4 v0x55ccfc84f0c0_0;
    %ix/vec4 4;
    %shiftl 4;
    %ret/vec4 0, 0, 16;  Assign to f_alu (store_vec4_to_lval)
    %jmp T_1.17;
T_1.15 ;
    %load/vec4 v0x55ccfc84efc0_0;
    %load/vec4 v0x55ccfc84f0c0_0;
    %ix/vec4 4;
    %shiftr 4;
    %ret/vec4 0, 0, 16;  Assign to f_alu (store_vec4_to_lval)
    %jmp T_1.17;
T_1.16 ;
    %load/vec4 v0x55ccfc84efc0_0;
    %load/vec4 v0x55ccfc84f0c0_0;
    %ix/vec4 4;
    %shiftr/s 4;
    %ret/vec4 0, 0, 16;  Assign to f_alu (store_vec4_to_lval)
    %jmp T_1.17;
T_1.17 ;
    %pop/vec4 1;
    %end;
    .scope S_0x55ccfc8299b0;
T_2 ;
    %wait E_0x55ccfc825c90;
    %delay 5, 0;
    %load/vec4 v0x55ccfc84f7d0_0;
    %load/vec4 v0x55ccfc84f8b0_0;
    %load/vec4 v0x55ccfc84fb20_0;
    %load/vec4 v0x55ccfc84f980_0;
    %store/vec4 v0x55ccfc84e8c0_0, 0, 3;
    %store/vec4 v0x55ccfc84e9a0_0, 0, 16;
    %store/vec4 v0x55ccfc84e740_0, 0, 16;
    %store/vec4 v0x55ccfc829d20_0, 0, 16;
    %callf/vec4 TD_top.check, S_0x55ccfc829b40;
    %flag_set/vec4 8;
    %jmp/0 T_2.0, 8;
    %pushi/vec4 1130915171, 0, 32; draw_string_vec4
    %pushi/vec4 1797279841, 0, 32; draw_string_vec4
    %concat/vec4; draw_string_vec4
    %pushi/vec4 1936942436, 0, 32; draw_string_vec4
    %concat/vec4; draw_string_vec4
    %pushi/vec4 33, 0, 8; draw_string_vec4
    %concat/vec4; draw_string_vec4
    %jmp/1 T_2.1, 8;
T_2.0 ; End of true expr.
    %pushi/vec4 1130915171, 0, 32; draw_string_vec4
    %pushi/vec4 1797277281, 0, 32; draw_string_vec4
    %concat/vec4; draw_string_vec4
    %pushi/vec4 1768711524, 0, 32; draw_string_vec4
    %concat/vec4; draw_string_vec4
    %pushi/vec4 33, 0, 8; draw_string_vec4
    %concat/vec4; draw_string_vec4
    %jmp/0 T_2.1, 8;
 ; End of false expr.
    %blend;
T_2.1;
    %vpi_call 2 43 "$display", "ctrl=%3b a=%10d(%b) b=%10d(%b) out=%10d(%b) %s", v0x55ccfc84f980_0, v0x55ccfc84f7d0_0, v0x55ccfc84f7d0_0, v0x55ccfc84f8b0_0, v0x55ccfc84f8b0_0, v0x55ccfc84fb20_0, v0x55ccfc84fb20_0, S<0,vec4,u104> {1 0 0};
    %jmp T_2;
    .thread T_2, $push;
    .scope S_0x55ccfc8299b0;
T_3 ;
    %delay 0, 0;
    %pushi/vec4 0, 0, 3;
    %assign/vec4 v0x55ccfc84f980_0, 0;
    %pushi/vec4 0, 0, 16;
    %assign/vec4 v0x55ccfc84f7d0_0, 0;
    %pushi/vec4 0, 0, 16;
    %assign/vec4 v0x55ccfc84f8b0_0, 0;
    %pushi/vec4 0, 0, 32;
    %store/vec4 v0x55ccfc84fa80_0, 0, 32;
T_3.0 ;
    %load/vec4 v0x55ccfc84fa80_0;
    %cmpi/s 5, 0, 32;
    %jmp/0xz T_3.1, 5;
    %delay 10, 0;
    %load/vec4 v0x55ccfc84fa80_0;
    %pad/s 3;
    %assign/vec4 v0x55ccfc84f980_0, 0;
    %pushi/vec4 5, 0, 16;
    %assign/vec4 v0x55ccfc84f7d0_0, 0;
    %pushi/vec4 4, 0, 16;
    %assign/vec4 v0x55ccfc84f8b0_0, 0;
    %delay 10, 0;
    %pushi/vec4 13, 0, 16;
    %assign/vec4 v0x55ccfc84f7d0_0, 0;
    %pushi/vec4 66, 0, 16;
    %assign/vec4 v0x55ccfc84f8b0_0, 0;
    %delay 10, 0;
    %pushi/vec4 749, 0, 16;
    %assign/vec4 v0x55ccfc84f7d0_0, 0;
    %pushi/vec4 619, 0, 16;
    %assign/vec4 v0x55ccfc84f8b0_0, 0;
    %delay 10, 0;
    %pushi/vec4 786, 0, 16;
    %assign/vec4 v0x55ccfc84f7d0_0, 0;
    %pushi/vec4 4932, 0, 16;
    %assign/vec4 v0x55ccfc84f8b0_0, 0;
    %delay 10, 0;
    %pushi/vec4 65035, 0, 16;
    %assign/vec4 v0x55ccfc84f7d0_0, 0;
    %pushi/vec4 31201, 0, 16;
    %assign/vec4 v0x55ccfc84f8b0_0, 0;
    %delay 10, 0;
    %pushi/vec4 36, 0, 16;
    %assign/vec4 v0x55ccfc84f7d0_0, 0;
    %pushi/vec4 65453, 0, 16;
    %assign/vec4 v0x55ccfc84f8b0_0, 0;
    %delay 10, 0;
    %pushi/vec4 65459, 0, 16;
    %assign/vec4 v0x55ccfc84f7d0_0, 0;
    %pushi/vec4 5528, 0, 16;
    %assign/vec4 v0x55ccfc84f8b0_0, 0;
    %delay 10, 0;
    %pushi/vec4 64048, 0, 16;
    %assign/vec4 v0x55ccfc84f7d0_0, 0;
    %pushi/vec4 59594, 0, 16;
    %assign/vec4 v0x55ccfc84f8b0_0, 0;
    %load/vec4 v0x55ccfc84fa80_0;
    %addi 1, 0, 32;
    %store/vec4 v0x55ccfc84fa80_0, 0, 32;
    %jmp T_3.0;
T_3.1 ;
    %pushi/vec4 5, 0, 32;
    %store/vec4 v0x55ccfc84fa80_0, 0, 32;
T_3.2 ;
    %load/vec4 v0x55ccfc84fa80_0;
    %cmpi/s 8, 0, 32;
    %jmp/0xz T_3.3, 5;
    %delay 10, 0;
    %load/vec4 v0x55ccfc84fa80_0;
    %pad/s 3;
    %assign/vec4 v0x55ccfc84f980_0, 0;
    %pushi/vec4 1, 0, 16;
    %assign/vec4 v0x55ccfc84f7d0_0, 0;
    %pushi/vec4 6, 0, 16;
    %assign/vec4 v0x55ccfc84f8b0_0, 0;
    %delay 10, 0;
    %pushi/vec4 39, 0, 16;
    %assign/vec4 v0x55ccfc84f7d0_0, 0;
    %pushi/vec4 11, 0, 16;
    %assign/vec4 v0x55ccfc84f8b0_0, 0;
    %delay 10, 0;
    %pushi/vec4 359, 0, 16;
    %assign/vec4 v0x55ccfc84f7d0_0, 0;
    %pushi/vec4 7, 0, 16;
    %assign/vec4 v0x55ccfc84f8b0_0, 0;
    %delay 10, 0;
    %pushi/vec4 1048, 0, 16;
    %assign/vec4 v0x55ccfc84f7d0_0, 0;
    %pushi/vec4 13, 0, 16;
    %assign/vec4 v0x55ccfc84f8b0_0, 0;
    %delay 10, 0;
    %pushi/vec4 47972, 0, 16;
    %assign/vec4 v0x55ccfc84f7d0_0, 0;
    %pushi/vec4 10, 0, 16;
    %assign/vec4 v0x55ccfc84f8b0_0, 0;
    %delay 10, 0;
    %pushi/vec4 60404, 0, 16;
    %assign/vec4 v0x55ccfc84f7d0_0, 0;
    %pushi/vec4 8, 0, 16;
    %assign/vec4 v0x55ccfc84f8b0_0, 0;
    %delay 10, 0;
    %pushi/vec4 60363, 0, 16;
    %assign/vec4 v0x55ccfc84f7d0_0, 0;
    %pushi/vec4 3, 0, 16;
    %assign/vec4 v0x55ccfc84f8b0_0, 0;
    %delay 10, 0;
    %pushi/vec4 65136, 0, 16;
    %assign/vec4 v0x55ccfc84f7d0_0, 0;
    %pushi/vec4 2, 0, 16;
    %assign/vec4 v0x55ccfc84f8b0_0, 0;
    %load/vec4 v0x55ccfc84fa80_0;
    %addi 1, 0, 32;
    %store/vec4 v0x55ccfc84fa80_0, 0, 32;
    %jmp T_3.2;
T_3.3 ;
    %delay 10, 0;
    %vpi_call 2 106 "$finish" {0 0 0};
    %end;
    .thread T_3;
# The file index is used to find the file name in the following table.
:file_names 4;
    "N/A";
    "<interactive>";
    "./../p5/q1.v";
    "p5-q1.v";
